2013-09-04 17:46:28,926 [INFO] HCANN000001: Hibernate Commons Annotations {4.0.2.Final} (Version.java:37)
2013-09-04 17:46:28,942 [INFO] HHH000412: Hibernate Core {4.2.5.Final} (Version.java:41)
2013-09-04 17:46:28,947 [INFO] HHH000206: hibernate.properties not found (Environment.java:238)
2013-09-04 17:46:28,953 [INFO] HHH000021: Bytecode provider name : javassist (Environment.java:345)
2013-09-04 17:46:29,004 [INFO] HHH000204: Processing PersistenceUnitInfo [
	name: persistenceUN
	...] (Ejb3Configuration.java:529)
2013-09-04 17:46:29,286 [INFO] HHH000402: Using Hibernate built-in connection pool (not for production use!) (DriverManagerConnectionProviderImpl.java:98)
2013-09-04 17:46:29,300 [INFO] HHH000115: Hibernate connection pool size: 20 (DriverManagerConnectionProviderImpl.java:134)
2013-09-04 17:46:29,301 [INFO] HHH000006: Autocommit mode: true (DriverManagerConnectionProviderImpl.java:137)
2013-09-04 17:46:29,302 [INFO] HHH000401: using driver [org.postgresql.Driver] at URL [jdbc:postgresql:sw] (DriverManagerConnectionProviderImpl.java:151)
2013-09-04 17:46:29,303 [INFO] HHH000046: Connection properties: {user=postgres, password=****, autocommit=true, charSet=UTF-8, release_mode=auto} (DriverManagerConnectionProviderImpl.java:156)
2013-09-04 17:46:29,987 [INFO] HHH000400: Using dialect: org.hibernate.dialect.PostgreSQLDialect (Dialect.java:130)
2013-09-04 17:46:30,014 [INFO] HHH000424: Disabling contextual LOB creation as createClob() method threw error : java.lang.reflect.InvocationTargetException (LobCreatorBuilder.java:120)
2013-09-04 17:46:30,416 [INFO] HHH000268: Transaction strategy: org.hibernate.engine.transaction.internal.jdbc.JdbcTransactionFactory (TransactionFactoryInitiator.java:73)
2013-09-04 17:46:30,425 [INFO] HHH000397: Using ASTQueryTranslatorFactory (ASTQueryTranslatorFactory.java:48)
2013-09-04 17:46:30,777 [INFO] HHH000182: No default (no-argument) constructor for class: entities.CustomerDemographics (class must be instantiated by Interceptor) (PojoInstantiator.java:85)
2013-09-04 17:46:31,063 [INFO] HHH000227: Running hbm2ddl schema export (SchemaExport.java:343)
2013-09-04 17:46:31,344 [INFO] HHH000230: Schema export complete (SchemaExport.java:405)
2013-09-04 17:46:31,618 [INFO] loadData : Persisting 29 suppliers (Loader.java:69)
2013-09-04 17:46:31,967 [INFO] loadData : Persisting 91 customers (Loader.java:78)
2013-09-04 17:46:31,968 [INFO] entities.Customer create (GenericDAOImpl.java:32)
2013-09-04 17:46:31,969 [INFO] entities.Customer create (GenericDAOImpl.java:32)
2013-09-04 17:46:31,969 [INFO] entities.Customer create (GenericDAOImpl.java:32)
2013-09-04 17:46:31,970 [INFO] entities.Customer create (GenericDAOImpl.java:32)
2013-09-04 17:46:31,970 [INFO] entities.Customer create (GenericDAOImpl.java:32)
2013-09-04 17:46:31,970 [INFO] entities.Customer create (GenericDAOImpl.java:32)
2013-09-04 17:46:31,971 [INFO] entities.Customer create (GenericDAOImpl.java:32)
2013-09-04 17:46:31,971 [INFO] entities.Customer create (GenericDAOImpl.java:32)
2013-09-04 17:46:31,971 [INFO] entities.Customer create (GenericDAOImpl.java:32)
2013-09-04 17:46:31,972 [INFO] entities.Customer create (GenericDAOImpl.java:32)
2013-09-04 17:46:31,972 [INFO] entities.Customer create (GenericDAOImpl.java:32)
2013-09-04 17:46:31,973 [INFO] entities.Customer create (GenericDAOImpl.java:32)
2013-09-04 17:46:31,973 [INFO] entities.Customer create (GenericDAOImpl.java:32)
2013-09-04 17:46:31,974 [INFO] entities.Customer create (GenericDAOImpl.java:32)
2013-09-04 17:46:31,974 [INFO] entities.Customer create (GenericDAOImpl.java:32)
2013-09-04 17:46:31,974 [INFO] entities.Customer create (GenericDAOImpl.java:32)
2013-09-04 17:46:31,975 [INFO] entities.Customer create (GenericDAOImpl.java:32)
2013-09-04 17:46:31,975 [INFO] entities.Customer create (GenericDAOImpl.java:32)
2013-09-04 17:46:31,975 [INFO] entities.Customer create (GenericDAOImpl.java:32)
2013-09-04 17:46:31,976 [INFO] entities.Customer create (GenericDAOImpl.java:32)
2013-09-04 17:46:31,976 [INFO] entities.Customer create (GenericDAOImpl.java:32)
2013-09-04 17:46:31,976 [INFO] entities.Customer create (GenericDAOImpl.java:32)
2013-09-04 17:46:31,977 [INFO] entities.Customer create (GenericDAOImpl.java:32)
2013-09-04 17:46:31,977 [INFO] entities.Customer create (GenericDAOImpl.java:32)
2013-09-04 17:46:31,977 [INFO] entities.Customer create (GenericDAOImpl.java:32)
2013-09-04 17:46:31,978 [INFO] entities.Customer create (GenericDAOImpl.java:32)
2013-09-04 17:46:31,978 [INFO] entities.Customer create (GenericDAOImpl.java:32)
2013-09-04 17:46:31,978 [INFO] entities.Customer create (GenericDAOImpl.java:32)
2013-09-04 17:46:31,979 [INFO] entities.Customer create (GenericDAOImpl.java:32)
2013-09-04 17:46:31,979 [INFO] entities.Customer create (GenericDAOImpl.java:32)
2013-09-04 17:46:31,980 [INFO] entities.Customer create (GenericDAOImpl.java:32)
2013-09-04 17:46:31,980 [INFO] entities.Customer create (GenericDAOImpl.java:32)
2013-09-04 17:46:31,980 [INFO] entities.Customer create (GenericDAOImpl.java:32)
2013-09-04 17:46:31,981 [INFO] entities.Customer create (GenericDAOImpl.java:32)
2013-09-04 17:46:31,981 [INFO] entities.Customer create (GenericDAOImpl.java:32)
2013-09-04 17:46:31,981 [INFO] entities.Customer create (GenericDAOImpl.java:32)
2013-09-04 17:46:31,982 [INFO] entities.Customer create (GenericDAOImpl.java:32)
2013-09-04 17:46:31,982 [INFO] entities.Customer create (GenericDAOImpl.java:32)
2013-09-04 17:46:31,982 [INFO] entities.Customer create (GenericDAOImpl.java:32)
2013-09-04 17:46:31,983 [INFO] entities.Customer create (GenericDAOImpl.java:32)
2013-09-04 17:46:31,983 [INFO] entities.Customer create (GenericDAOImpl.java:32)
2013-09-04 17:46:31,983 [INFO] entities.Customer create (GenericDAOImpl.java:32)
2013-09-04 17:46:31,984 [INFO] entities.Customer create (GenericDAOImpl.java:32)
2013-09-04 17:46:31,984 [INFO] entities.Customer create (GenericDAOImpl.java:32)
2013-09-04 17:46:31,985 [INFO] entities.Customer create (GenericDAOImpl.java:32)
2013-09-04 17:46:31,985 [INFO] entities.Customer create (GenericDAOImpl.java:32)
2013-09-04 17:46:31,985 [INFO] entities.Customer create (GenericDAOImpl.java:32)
2013-09-04 17:46:31,986 [INFO] entities.Customer create (GenericDAOImpl.java:32)
2013-09-04 17:46:31,986 [INFO] entities.Customer create (GenericDAOImpl.java:32)
2013-09-04 17:46:31,986 [INFO] entities.Customer create (GenericDAOImpl.java:32)
2013-09-04 17:46:31,987 [INFO] entities.Customer create (GenericDAOImpl.java:32)
2013-09-04 17:46:31,987 [INFO] entities.Customer create (GenericDAOImpl.java:32)
2013-09-04 17:46:31,988 [INFO] entities.Customer create (GenericDAOImpl.java:32)
2013-09-04 17:46:31,988 [INFO] entities.Customer create (GenericDAOImpl.java:32)
2013-09-04 17:46:31,988 [INFO] entities.Customer create (GenericDAOImpl.java:32)
2013-09-04 17:46:31,989 [INFO] entities.Customer create (GenericDAOImpl.java:32)
2013-09-04 17:46:31,989 [INFO] entities.Customer create (GenericDAOImpl.java:32)
2013-09-04 17:46:31,990 [INFO] entities.Customer create (GenericDAOImpl.java:32)
2013-09-04 17:46:31,991 [INFO] entities.Customer create (GenericDAOImpl.java:32)
2013-09-04 17:46:31,991 [INFO] entities.Customer create (GenericDAOImpl.java:32)
2013-09-04 17:46:31,992 [INFO] entities.Customer create (GenericDAOImpl.java:32)
2013-09-04 17:46:31,992 [INFO] entities.Customer create (GenericDAOImpl.java:32)
2013-09-04 17:46:31,993 [INFO] entities.Customer create (GenericDAOImpl.java:32)
2013-09-04 17:46:31,993 [INFO] entities.Customer create (GenericDAOImpl.java:32)
2013-09-04 17:46:31,994 [INFO] entities.Customer create (GenericDAOImpl.java:32)
2013-09-04 17:46:31,994 [INFO] entities.Customer create (GenericDAOImpl.java:32)
2013-09-04 17:46:31,995 [INFO] entities.Customer create (GenericDAOImpl.java:32)
2013-09-04 17:46:31,995 [INFO] entities.Customer create (GenericDAOImpl.java:32)
2013-09-04 17:46:31,996 [INFO] entities.Customer create (GenericDAOImpl.java:32)
2013-09-04 17:46:31,997 [INFO] entities.Customer create (GenericDAOImpl.java:32)
2013-09-04 17:46:31,997 [INFO] entities.Customer create (GenericDAOImpl.java:32)
2013-09-04 17:46:31,998 [INFO] entities.Customer create (GenericDAOImpl.java:32)
2013-09-04 17:46:31,998 [INFO] entities.Customer create (GenericDAOImpl.java:32)
2013-09-04 17:46:31,999 [INFO] entities.Customer create (GenericDAOImpl.java:32)
2013-09-04 17:46:31,999 [INFO] entities.Customer create (GenericDAOImpl.java:32)
2013-09-04 17:46:32,000 [INFO] entities.Customer create (GenericDAOImpl.java:32)
2013-09-04 17:46:32,000 [INFO] entities.Customer create (GenericDAOImpl.java:32)
2013-09-04 17:46:32,001 [INFO] entities.Customer create (GenericDAOImpl.java:32)
2013-09-04 17:46:32,001 [INFO] entities.Customer create (GenericDAOImpl.java:32)
2013-09-04 17:46:32,002 [INFO] entities.Customer create (GenericDAOImpl.java:32)
2013-09-04 17:46:32,002 [INFO] entities.Customer create (GenericDAOImpl.java:32)
2013-09-04 17:46:32,003 [INFO] entities.Customer create (GenericDAOImpl.java:32)
2013-09-04 17:46:32,003 [INFO] entities.Customer create (GenericDAOImpl.java:32)
2013-09-04 17:46:32,004 [INFO] entities.Customer create (GenericDAOImpl.java:32)
2013-09-04 17:46:32,004 [INFO] entities.Customer create (GenericDAOImpl.java:32)
2013-09-04 17:46:32,005 [INFO] entities.Customer create (GenericDAOImpl.java:32)
2013-09-04 17:46:32,005 [INFO] entities.Customer create (GenericDAOImpl.java:32)
2013-09-04 17:46:32,006 [INFO] entities.Customer create (GenericDAOImpl.java:32)
2013-09-04 17:46:32,006 [INFO] entities.Customer create (GenericDAOImpl.java:32)
2013-09-04 17:46:32,007 [INFO] entities.Customer create (GenericDAOImpl.java:32)
2013-09-04 17:46:32,007 [INFO] entities.Customer create (GenericDAOImpl.java:32)
